{
  level: 'error',
  message: 'Internal server error error',
  stack: 'Error: error\n' +
    '    at handler (/Users/j0rdi/Desktop/dev/express-docker-typescript-starter-kit/src/framework/app.ts:280:15)\n' +
    '    at newFn (/Users/j0rdi/Desktop/dev/express-docker-typescript-starter-kit/node_modules/express-async-errors/index.js:16:20)\n' +
    '    at Layer.handle [as handle_request] (/Users/j0rdi/Desktop/dev/express-docker-typescript-starter-kit/node_modules/express/lib/router/layer.js:95:5)\n' +
    '    at next (/Users/j0rdi/Desktop/dev/express-docker-typescript-starter-kit/node_modules/express/lib/router/route.js:144:13)\n' +
    '    at Route.dispatch (/Users/j0rdi/Desktop/dev/express-docker-typescript-starter-kit/node_modules/express/lib/router/route.js:114:3)\n' +
    '    at newFn (/Users/j0rdi/Desktop/dev/express-docker-typescript-starter-kit/node_modules/express-async-errors/index.js:16:20)\n' +
    '    at Layer.handle [as handle_request] (/Users/j0rdi/Desktop/dev/express-docker-typescript-starter-kit/node_modules/express/lib/router/layer.js:95:5)\n' +
    '    at /Users/j0rdi/Desktop/dev/express-docker-typescript-starter-kit/node_modules/express/lib/router/index.js:284:15\n' +
    '    at Function.process_params (/Users/j0rdi/Desktop/dev/express-docker-typescript-starter-kit/node_modules/express/lib/router/index.js:346:12)\n' +
    '    at next (/Users/j0rdi/Desktop/dev/express-docker-typescript-starter-kit/node_modules/express/lib/router/index.js:280:10)',
  timestamp: '2023-08-07 10:19:09'
}
{
  level: 'error',
  message: 'Internal server error error',
  stack: 'Error: error\n' +
    '    at handler (/Users/j0rdi/Desktop/dev/express-docker-typescript-starter-kit/src/framework/app.ts:280:15)\n' +
    '    at newFn (/Users/j0rdi/Desktop/dev/express-docker-typescript-starter-kit/node_modules/express-async-errors/index.js:16:20)\n' +
    '    at Layer.handle [as handle_request] (/Users/j0rdi/Desktop/dev/express-docker-typescript-starter-kit/node_modules/express/lib/router/layer.js:95:5)\n' +
    '    at next (/Users/j0rdi/Desktop/dev/express-docker-typescript-starter-kit/node_modules/express/lib/router/route.js:144:13)\n' +
    '    at Route.dispatch (/Users/j0rdi/Desktop/dev/express-docker-typescript-starter-kit/node_modules/express/lib/router/route.js:114:3)\n' +
    '    at newFn (/Users/j0rdi/Desktop/dev/express-docker-typescript-starter-kit/node_modules/express-async-errors/index.js:16:20)\n' +
    '    at Layer.handle [as handle_request] (/Users/j0rdi/Desktop/dev/express-docker-typescript-starter-kit/node_modules/express/lib/router/layer.js:95:5)\n' +
    '    at /Users/j0rdi/Desktop/dev/express-docker-typescript-starter-kit/node_modules/express/lib/router/index.js:284:15\n' +
    '    at Function.process_params (/Users/j0rdi/Desktop/dev/express-docker-typescript-starter-kit/node_modules/express/lib/router/index.js:346:12)\n' +
    '    at next (/Users/j0rdi/Desktop/dev/express-docker-typescript-starter-kit/node_modules/express/lib/router/index.js:280:10)',
  timestamp: '2023-08-07 10:19:14'
}
{
  level: 'error',
  message: 'Internal server error error',
  stack: 'Error: error\n' +
    '    at handler (/Users/j0rdi/Desktop/dev/express-docker-typescript-starter-kit/src/framework/app.ts:280:15)\n' +
    '    at newFn (/Users/j0rdi/Desktop/dev/express-docker-typescript-starter-kit/node_modules/express-async-errors/index.js:16:20)\n' +
    '    at Layer.handle [as handle_request] (/Users/j0rdi/Desktop/dev/express-docker-typescript-starter-kit/node_modules/express/lib/router/layer.js:95:5)\n' +
    '    at next (/Users/j0rdi/Desktop/dev/express-docker-typescript-starter-kit/node_modules/express/lib/router/route.js:144:13)\n' +
    '    at Route.dispatch (/Users/j0rdi/Desktop/dev/express-docker-typescript-starter-kit/node_modules/express/lib/router/route.js:114:3)\n' +
    '    at newFn (/Users/j0rdi/Desktop/dev/express-docker-typescript-starter-kit/node_modules/express-async-errors/index.js:16:20)\n' +
    '    at Layer.handle [as handle_request] (/Users/j0rdi/Desktop/dev/express-docker-typescript-starter-kit/node_modules/express/lib/router/layer.js:95:5)\n' +
    '    at /Users/j0rdi/Desktop/dev/express-docker-typescript-starter-kit/node_modules/express/lib/router/index.js:284:15\n' +
    '    at Function.process_params (/Users/j0rdi/Desktop/dev/express-docker-typescript-starter-kit/node_modules/express/lib/router/index.js:346:12)\n' +
    '    at next (/Users/j0rdi/Desktop/dev/express-docker-typescript-starter-kit/node_modules/express/lib/router/index.js:280:10)',
  timestamp: '2023-08-07 10:19:14'
}
{
  level: 'error',
  message: 'Internal server error error',
  stack: 'Error: error\n' +
    '    at handler (/Users/j0rdi/Desktop/dev/express-docker-typescript-starter-kit/src/framework/app.ts:280:15)\n' +
    '    at newFn (/Users/j0rdi/Desktop/dev/express-docker-typescript-starter-kit/node_modules/express-async-errors/index.js:16:20)\n' +
    '    at Layer.handle [as handle_request] (/Users/j0rdi/Desktop/dev/express-docker-typescript-starter-kit/node_modules/express/lib/router/layer.js:95:5)\n' +
    '    at next (/Users/j0rdi/Desktop/dev/express-docker-typescript-starter-kit/node_modules/express/lib/router/route.js:144:13)\n' +
    '    at Route.dispatch (/Users/j0rdi/Desktop/dev/express-docker-typescript-starter-kit/node_modules/express/lib/router/route.js:114:3)\n' +
    '    at newFn (/Users/j0rdi/Desktop/dev/express-docker-typescript-starter-kit/node_modules/express-async-errors/index.js:16:20)\n' +
    '    at Layer.handle [as handle_request] (/Users/j0rdi/Desktop/dev/express-docker-typescript-starter-kit/node_modules/express/lib/router/layer.js:95:5)\n' +
    '    at /Users/j0rdi/Desktop/dev/express-docker-typescript-starter-kit/node_modules/express/lib/router/index.js:284:15\n' +
    '    at Function.process_params (/Users/j0rdi/Desktop/dev/express-docker-typescript-starter-kit/node_modules/express/lib/router/index.js:346:12)\n' +
    '    at next (/Users/j0rdi/Desktop/dev/express-docker-typescript-starter-kit/node_modules/express/lib/router/index.js:280:10)',
  timestamp: '2023-08-07 10:19:15'
}
{
  message: 'Internal server error Fuuuuuuuck!',
  code: 418,
  level: 'error',
  stack: 'Error: Fuuuuuuuck!\n' +
    '    at handler (/Users/j0rdi/Desktop/dev/express-docker-typescript-starter-kit/src/framework/app.ts:281:15)\n' +
    '    at newFn (/Users/j0rdi/Desktop/dev/express-docker-typescript-starter-kit/node_modules/express-async-errors/index.js:16:20)\n' +
    '    at Layer.handle [as handle_request] (/Users/j0rdi/Desktop/dev/express-docker-typescript-starter-kit/node_modules/express/lib/router/layer.js:95:5)\n' +
    '    at next (/Users/j0rdi/Desktop/dev/express-docker-typescript-starter-kit/node_modules/express/lib/router/route.js:144:13)\n' +
    '    at Route.dispatch (/Users/j0rdi/Desktop/dev/express-docker-typescript-starter-kit/node_modules/express/lib/router/route.js:114:3)\n' +
    '    at newFn (/Users/j0rdi/Desktop/dev/express-docker-typescript-starter-kit/node_modules/express-async-errors/index.js:16:20)\n' +
    '    at Layer.handle [as handle_request] (/Users/j0rdi/Desktop/dev/express-docker-typescript-starter-kit/node_modules/express/lib/router/layer.js:95:5)\n' +
    '    at /Users/j0rdi/Desktop/dev/express-docker-typescript-starter-kit/node_modules/express/lib/router/index.js:284:15\n' +
    '    at Function.process_params (/Users/j0rdi/Desktop/dev/express-docker-typescript-starter-kit/node_modules/express/lib/router/index.js:346:12)\n' +
    '    at next (/Users/j0rdi/Desktop/dev/express-docker-typescript-starter-kit/node_modules/express/lib/router/index.js:280:10)',
  timestamp: '2023-08-07 10:22:52'
}
{
  message: 'Internal server error Internal Server Error',
  code: 500,
  level: 'error',
  stack: 'Error: Internal Server Error\n' +
    '    at handler (/Users/j0rdi/Desktop/dev/express-docker-typescript-starter-kit/src/framework/app.ts:281:15)\n' +
    '    at newFn (/Users/j0rdi/Desktop/dev/express-docker-typescript-starter-kit/node_modules/express-async-errors/index.js:16:20)\n' +
    '    at Layer.handle [as handle_request] (/Users/j0rdi/Desktop/dev/express-docker-typescript-starter-kit/node_modules/express/lib/router/layer.js:95:5)\n' +
    '    at next (/Users/j0rdi/Desktop/dev/express-docker-typescript-starter-kit/node_modules/express/lib/router/route.js:144:13)\n' +
    '    at Route.dispatch (/Users/j0rdi/Desktop/dev/express-docker-typescript-starter-kit/node_modules/express/lib/router/route.js:114:3)\n' +
    '    at newFn (/Users/j0rdi/Desktop/dev/express-docker-typescript-starter-kit/node_modules/express-async-errors/index.js:16:20)\n' +
    '    at Layer.handle [as handle_request] (/Users/j0rdi/Desktop/dev/express-docker-typescript-starter-kit/node_modules/express/lib/router/layer.js:95:5)\n' +
    '    at /Users/j0rdi/Desktop/dev/express-docker-typescript-starter-kit/node_modules/express/lib/router/index.js:284:15\n' +
    '    at Function.process_params (/Users/j0rdi/Desktop/dev/express-docker-typescript-starter-kit/node_modules/express/lib/router/index.js:346:12)\n' +
    '    at next (/Users/j0rdi/Desktop/dev/express-docker-typescript-starter-kit/node_modules/express/lib/router/index.js:280:10)',
  timestamp: '2023-08-07 10:23:19'
}
{
  message: 'Internal server error Internal Server Error',
  code: 500,
  level: 'error',
  stack: 'Error: Internal Server Error\n' +
    '    at handler (/Users/j0rdi/Desktop/dev/express-docker-typescript-starter-kit/src/framework/app.ts:281:15)\n' +
    '    at newFn (/Users/j0rdi/Desktop/dev/express-docker-typescript-starter-kit/node_modules/express-async-errors/index.js:16:20)\n' +
    '    at Layer.handle [as handle_request] (/Users/j0rdi/Desktop/dev/express-docker-typescript-starter-kit/node_modules/express/lib/router/layer.js:95:5)\n' +
    '    at next (/Users/j0rdi/Desktop/dev/express-docker-typescript-starter-kit/node_modules/express/lib/router/route.js:144:13)\n' +
    '    at Route.dispatch (/Users/j0rdi/Desktop/dev/express-docker-typescript-starter-kit/node_modules/express/lib/router/route.js:114:3)\n' +
    '    at newFn (/Users/j0rdi/Desktop/dev/express-docker-typescript-starter-kit/node_modules/express-async-errors/index.js:16:20)\n' +
    '    at Layer.handle [as handle_request] (/Users/j0rdi/Desktop/dev/express-docker-typescript-starter-kit/node_modules/express/lib/router/layer.js:95:5)\n' +
    '    at /Users/j0rdi/Desktop/dev/express-docker-typescript-starter-kit/node_modules/express/lib/router/index.js:284:15\n' +
    '    at Function.process_params (/Users/j0rdi/Desktop/dev/express-docker-typescript-starter-kit/node_modules/express/lib/router/index.js:346:12)\n' +
    '    at next (/Users/j0rdi/Desktop/dev/express-docker-typescript-starter-kit/node_modules/express/lib/router/index.js:280:10)',
  timestamp: '2023-08-07 10:23:20'
}
{
  message: 'Internal server error Internal Server Error',
  code: 500,
  level: 'error',
  stack: 'Error: Internal Server Error\n' +
    '    at handler (/Users/j0rdi/Desktop/dev/express-docker-typescript-starter-kit/src/framework/app.ts:281:15)\n' +
    '    at newFn (/Users/j0rdi/Desktop/dev/express-docker-typescript-starter-kit/node_modules/express-async-errors/index.js:16:20)\n' +
    '    at Layer.handle [as handle_request] (/Users/j0rdi/Desktop/dev/express-docker-typescript-starter-kit/node_modules/express/lib/router/layer.js:95:5)\n' +
    '    at next (/Users/j0rdi/Desktop/dev/express-docker-typescript-starter-kit/node_modules/express/lib/router/route.js:144:13)\n' +
    '    at Route.dispatch (/Users/j0rdi/Desktop/dev/express-docker-typescript-starter-kit/node_modules/express/lib/router/route.js:114:3)\n' +
    '    at newFn (/Users/j0rdi/Desktop/dev/express-docker-typescript-starter-kit/node_modules/express-async-errors/index.js:16:20)\n' +
    '    at Layer.handle [as handle_request] (/Users/j0rdi/Desktop/dev/express-docker-typescript-starter-kit/node_modules/express/lib/router/layer.js:95:5)\n' +
    '    at /Users/j0rdi/Desktop/dev/express-docker-typescript-starter-kit/node_modules/express/lib/router/index.js:284:15\n' +
    '    at Function.process_params (/Users/j0rdi/Desktop/dev/express-docker-typescript-starter-kit/node_modules/express/lib/router/index.js:346:12)\n' +
    '    at next (/Users/j0rdi/Desktop/dev/express-docker-typescript-starter-kit/node_modules/express/lib/router/index.js:280:10)',
  timestamp: '2023-08-07 10:23:20'
}
{
  message: 'Internal server error Internal Server Error',
  code: 500,
  level: 'error',
  stack: 'Error: Internal Server Error\n' +
    '    at handler (/Users/j0rdi/Desktop/dev/express-docker-typescript-starter-kit/src/framework/app.ts:281:15)\n' +
    '    at newFn (/Users/j0rdi/Desktop/dev/express-docker-typescript-starter-kit/node_modules/express-async-errors/index.js:16:20)\n' +
    '    at Layer.handle [as handle_request] (/Users/j0rdi/Desktop/dev/express-docker-typescript-starter-kit/node_modules/express/lib/router/layer.js:95:5)\n' +
    '    at next (/Users/j0rdi/Desktop/dev/express-docker-typescript-starter-kit/node_modules/express/lib/router/route.js:144:13)\n' +
    '    at Route.dispatch (/Users/j0rdi/Desktop/dev/express-docker-typescript-starter-kit/node_modules/express/lib/router/route.js:114:3)\n' +
    '    at newFn (/Users/j0rdi/Desktop/dev/express-docker-typescript-starter-kit/node_modules/express-async-errors/index.js:16:20)\n' +
    '    at Layer.handle [as handle_request] (/Users/j0rdi/Desktop/dev/express-docker-typescript-starter-kit/node_modules/express/lib/router/layer.js:95:5)\n' +
    '    at /Users/j0rdi/Desktop/dev/express-docker-typescript-starter-kit/node_modules/express/lib/router/index.js:284:15\n' +
    '    at Function.process_params (/Users/j0rdi/Desktop/dev/express-docker-typescript-starter-kit/node_modules/express/lib/router/index.js:346:12)\n' +
    '    at next (/Users/j0rdi/Desktop/dev/express-docker-typescript-starter-kit/node_modules/express/lib/router/index.js:280:10)',
  timestamp: '2023-08-07 10:23:21'
}
{
  message: 'Internal server error Internal Server Error',
  code: 500,
  level: 'error',
  stack: 'Error: Internal Server Error\n' +
    '    at handler (/Users/j0rdi/Desktop/dev/express-docker-typescript-starter-kit/src/framework/app.ts:281:15)\n' +
    '    at newFn (/Users/j0rdi/Desktop/dev/express-docker-typescript-starter-kit/node_modules/express-async-errors/index.js:16:20)\n' +
    '    at Layer.handle [as handle_request] (/Users/j0rdi/Desktop/dev/express-docker-typescript-starter-kit/node_modules/express/lib/router/layer.js:95:5)\n' +
    '    at next (/Users/j0rdi/Desktop/dev/express-docker-typescript-starter-kit/node_modules/express/lib/router/route.js:144:13)\n' +
    '    at Route.dispatch (/Users/j0rdi/Desktop/dev/express-docker-typescript-starter-kit/node_modules/express/lib/router/route.js:114:3)\n' +
    '    at newFn (/Users/j0rdi/Desktop/dev/express-docker-typescript-starter-kit/node_modules/express-async-errors/index.js:16:20)\n' +
    '    at Layer.handle [as handle_request] (/Users/j0rdi/Desktop/dev/express-docker-typescript-starter-kit/node_modules/express/lib/router/layer.js:95:5)\n' +
    '    at /Users/j0rdi/Desktop/dev/express-docker-typescript-starter-kit/node_modules/express/lib/router/index.js:284:15\n' +
    '    at Function.process_params (/Users/j0rdi/Desktop/dev/express-docker-typescript-starter-kit/node_modules/express/lib/router/index.js:346:12)\n' +
    '    at next (/Users/j0rdi/Desktop/dev/express-docker-typescript-starter-kit/node_modules/express/lib/router/index.js:280:10)',
  timestamp: '2023-08-07 10:23:21'
}
{
  message: 'Internal server error Internal Server Error',
  code: 500,
  level: 'error',
  stack: 'Error: Internal Server Error\n' +
    '    at handler (/Users/j0rdi/Desktop/dev/express-docker-typescript-starter-kit/src/framework/app.ts:281:15)\n' +
    '    at newFn (/Users/j0rdi/Desktop/dev/express-docker-typescript-starter-kit/node_modules/express-async-errors/index.js:16:20)\n' +
    '    at Layer.handle [as handle_request] (/Users/j0rdi/Desktop/dev/express-docker-typescript-starter-kit/node_modules/express/lib/router/layer.js:95:5)\n' +
    '    at next (/Users/j0rdi/Desktop/dev/express-docker-typescript-starter-kit/node_modules/express/lib/router/route.js:144:13)\n' +
    '    at Route.dispatch (/Users/j0rdi/Desktop/dev/express-docker-typescript-starter-kit/node_modules/express/lib/router/route.js:114:3)\n' +
    '    at newFn (/Users/j0rdi/Desktop/dev/express-docker-typescript-starter-kit/node_modules/express-async-errors/index.js:16:20)\n' +
    '    at Layer.handle [as handle_request] (/Users/j0rdi/Desktop/dev/express-docker-typescript-starter-kit/node_modules/express/lib/router/layer.js:95:5)\n' +
    '    at /Users/j0rdi/Desktop/dev/express-docker-typescript-starter-kit/node_modules/express/lib/router/index.js:284:15\n' +
    '    at Function.process_params (/Users/j0rdi/Desktop/dev/express-docker-typescript-starter-kit/node_modules/express/lib/router/index.js:346:12)\n' +
    '    at next (/Users/j0rdi/Desktop/dev/express-docker-typescript-starter-kit/node_modules/express/lib/router/index.js:280:10)',
  timestamp: '2023-08-07 10:23:22'
}
{
  message: 'Internal server error Internal Server Error',
  code: 500,
  level: 'error',
  stack: 'Error: Internal Server Error\n' +
    '    at handler (/Users/j0rdi/Desktop/dev/express-docker-typescript-starter-kit/src/framework/app.ts:281:15)\n' +
    '    at newFn (/Users/j0rdi/Desktop/dev/express-docker-typescript-starter-kit/node_modules/express-async-errors/index.js:16:20)\n' +
    '    at Layer.handle [as handle_request] (/Users/j0rdi/Desktop/dev/express-docker-typescript-starter-kit/node_modules/express/lib/router/layer.js:95:5)\n' +
    '    at next (/Users/j0rdi/Desktop/dev/express-docker-typescript-starter-kit/node_modules/express/lib/router/route.js:144:13)\n' +
    '    at Route.dispatch (/Users/j0rdi/Desktop/dev/express-docker-typescript-starter-kit/node_modules/express/lib/router/route.js:114:3)\n' +
    '    at newFn (/Users/j0rdi/Desktop/dev/express-docker-typescript-starter-kit/node_modules/express-async-errors/index.js:16:20)\n' +
    '    at Layer.handle [as handle_request] (/Users/j0rdi/Desktop/dev/express-docker-typescript-starter-kit/node_modules/express/lib/router/layer.js:95:5)\n' +
    '    at /Users/j0rdi/Desktop/dev/express-docker-typescript-starter-kit/node_modules/express/lib/router/index.js:284:15\n' +
    '    at Function.process_params (/Users/j0rdi/Desktop/dev/express-docker-typescript-starter-kit/node_modules/express/lib/router/index.js:346:12)\n' +
    '    at next (/Users/j0rdi/Desktop/dev/express-docker-typescript-starter-kit/node_modules/express/lib/router/index.js:280:10)',
  timestamp: '2023-08-07 10:23:23'
}
{
  message: 'Internal server error Internal Server Error',
  code: 500,
  level: 'error',
  stack: 'Error: Internal Server Error\n' +
    '    at handler (/Users/j0rdi/Desktop/dev/express-docker-typescript-starter-kit/src/framework/app.ts:281:15)\n' +
    '    at newFn (/Users/j0rdi/Desktop/dev/express-docker-typescript-starter-kit/node_modules/express-async-errors/index.js:16:20)\n' +
    '    at Layer.handle [as handle_request] (/Users/j0rdi/Desktop/dev/express-docker-typescript-starter-kit/node_modules/express/lib/router/layer.js:95:5)\n' +
    '    at next (/Users/j0rdi/Desktop/dev/express-docker-typescript-starter-kit/node_modules/express/lib/router/route.js:144:13)\n' +
    '    at Route.dispatch (/Users/j0rdi/Desktop/dev/express-docker-typescript-starter-kit/node_modules/express/lib/router/route.js:114:3)\n' +
    '    at newFn (/Users/j0rdi/Desktop/dev/express-docker-typescript-starter-kit/node_modules/express-async-errors/index.js:16:20)\n' +
    '    at Layer.handle [as handle_request] (/Users/j0rdi/Desktop/dev/express-docker-typescript-starter-kit/node_modules/express/lib/router/layer.js:95:5)\n' +
    '    at /Users/j0rdi/Desktop/dev/express-docker-typescript-starter-kit/node_modules/express/lib/router/index.js:284:15\n' +
    '    at Function.process_params (/Users/j0rdi/Desktop/dev/express-docker-typescript-starter-kit/node_modules/express/lib/router/index.js:346:12)\n' +
    '    at next (/Users/j0rdi/Desktop/dev/express-docker-typescript-starter-kit/node_modules/express/lib/router/index.js:280:10)',
  timestamp: '2023-08-07 10:23:23'
}
{
  message: 'Internal server error Internal Server Error',
  code: 500,
  level: 'error',
  stack: 'Error: Internal Server Error\n' +
    '    at handler (/Users/j0rdi/Desktop/dev/express-docker-typescript-starter-kit/src/framework/app.ts:281:15)\n' +
    '    at newFn (/Users/j0rdi/Desktop/dev/express-docker-typescript-starter-kit/node_modules/express-async-errors/index.js:16:20)\n' +
    '    at Layer.handle [as handle_request] (/Users/j0rdi/Desktop/dev/express-docker-typescript-starter-kit/node_modules/express/lib/router/layer.js:95:5)\n' +
    '    at next (/Users/j0rdi/Desktop/dev/express-docker-typescript-starter-kit/node_modules/express/lib/router/route.js:144:13)\n' +
    '    at Route.dispatch (/Users/j0rdi/Desktop/dev/express-docker-typescript-starter-kit/node_modules/express/lib/router/route.js:114:3)\n' +
    '    at newFn (/Users/j0rdi/Desktop/dev/express-docker-typescript-starter-kit/node_modules/express-async-errors/index.js:16:20)\n' +
    '    at Layer.handle [as handle_request] (/Users/j0rdi/Desktop/dev/express-docker-typescript-starter-kit/node_modules/express/lib/router/layer.js:95:5)\n' +
    '    at /Users/j0rdi/Desktop/dev/express-docker-typescript-starter-kit/node_modules/express/lib/router/index.js:284:15\n' +
    '    at Function.process_params (/Users/j0rdi/Desktop/dev/express-docker-typescript-starter-kit/node_modules/express/lib/router/index.js:346:12)\n' +
    '    at next (/Users/j0rdi/Desktop/dev/express-docker-typescript-starter-kit/node_modules/express/lib/router/index.js:280:10)',
  timestamp: '2023-08-07 10:23:24'
}
{
  message: 'Internal server error Internal Server Error',
  code: 500,
  level: 'error',
  stack: 'Error: Internal Server Error\n' +
    '    at handler (/Users/j0rdi/Desktop/dev/express-docker-typescript-starter-kit/src/framework/app.ts:281:15)\n' +
    '    at newFn (/Users/j0rdi/Desktop/dev/express-docker-typescript-starter-kit/node_modules/express-async-errors/index.js:16:20)\n' +
    '    at Layer.handle [as handle_request] (/Users/j0rdi/Desktop/dev/express-docker-typescript-starter-kit/node_modules/express/lib/router/layer.js:95:5)\n' +
    '    at next (/Users/j0rdi/Desktop/dev/express-docker-typescript-starter-kit/node_modules/express/lib/router/route.js:144:13)\n' +
    '    at Route.dispatch (/Users/j0rdi/Desktop/dev/express-docker-typescript-starter-kit/node_modules/express/lib/router/route.js:114:3)\n' +
    '    at newFn (/Users/j0rdi/Desktop/dev/express-docker-typescript-starter-kit/node_modules/express-async-errors/index.js:16:20)\n' +
    '    at Layer.handle [as handle_request] (/Users/j0rdi/Desktop/dev/express-docker-typescript-starter-kit/node_modules/express/lib/router/layer.js:95:5)\n' +
    '    at /Users/j0rdi/Desktop/dev/express-docker-typescript-starter-kit/node_modules/express/lib/router/index.js:284:15\n' +
    '    at Function.process_params (/Users/j0rdi/Desktop/dev/express-docker-typescript-starter-kit/node_modules/express/lib/router/index.js:346:12)\n' +
    '    at next (/Users/j0rdi/Desktop/dev/express-docker-typescript-starter-kit/node_modules/express/lib/router/index.js:280:10)',
  timestamp: '2023-08-07 10:23:24'
}
{
  level: 'error',
  message: "Internal server error Cannot read properties of undefined (reading '_id')",
  stack: "TypeError: Cannot read properties of undefined (reading '_id')\n" +
    '    at /Users/j0rdi/Desktop/dev/express-docker-typescript-starter-kit/src/routes/users/users.controller.ts:6:45\n' +
    '    at Generator.next (<anonymous>)\n' +
    '    at /Users/j0rdi/Desktop/dev/express-docker-typescript-starter-kit/src/routes/users/users.controller.ts:8:71\n' +
    '    at new Promise (<anonymous>)\n' +
    '    at __awaiter (/Users/j0rdi/Desktop/dev/express-docker-typescript-starter-kit/src/routes/users/users.controller.ts:4:12)\n' +
    '    at getUser (/Users/j0rdi/Desktop/dev/express-docker-typescript-starter-kit/src/routes/users/users.controller.ts:5:59)\n' +
    '    at newFn (/Users/j0rdi/Desktop/dev/express-docker-typescript-starter-kit/node_modules/express-async-errors/index.js:16:20)\n' +
    '    at Layer.handle [as handle_request] (/Users/j0rdi/Desktop/dev/express-docker-typescript-starter-kit/node_modules/express/lib/router/layer.js:95:5)\n' +
    '    at next (/Users/j0rdi/Desktop/dev/express-docker-typescript-starter-kit/node_modules/express/lib/router/route.js:144:13)\n' +
    '    at Route.dispatch (/Users/j0rdi/Desktop/dev/express-docker-typescript-starter-kit/node_modules/express/lib/router/route.js:114:3)',
  timestamp: '2023-08-07 12:02:24'
}
{
  level: 'error',
  message: "Internal server error Cannot read properties of undefined (reading '_id')",
  stack: "TypeError: Cannot read properties of undefined (reading '_id')\n" +
    '    at /Users/j0rdi/Desktop/dev/express-docker-typescript-starter-kit/src/routes/users/users.controller.ts:6:45\n' +
    '    at Generator.next (<anonymous>)\n' +
    '    at /Users/j0rdi/Desktop/dev/express-docker-typescript-starter-kit/src/routes/users/users.controller.ts:8:71\n' +
    '    at new Promise (<anonymous>)\n' +
    '    at __awaiter (/Users/j0rdi/Desktop/dev/express-docker-typescript-starter-kit/src/routes/users/users.controller.ts:4:12)\n' +
    '    at getUser (/Users/j0rdi/Desktop/dev/express-docker-typescript-starter-kit/src/routes/users/users.controller.ts:5:59)\n' +
    '    at newFn (/Users/j0rdi/Desktop/dev/express-docker-typescript-starter-kit/node_modules/express-async-errors/index.js:16:20)\n' +
    '    at Layer.handle [as handle_request] (/Users/j0rdi/Desktop/dev/express-docker-typescript-starter-kit/node_modules/express/lib/router/layer.js:95:5)\n' +
    '    at next (/Users/j0rdi/Desktop/dev/express-docker-typescript-starter-kit/node_modules/express/lib/router/route.js:144:13)\n' +
    '    at Route.dispatch (/Users/j0rdi/Desktop/dev/express-docker-typescript-starter-kit/node_modules/express/lib/router/route.js:114:3)',
  timestamp: '2023-08-07 12:02:27'
}
{
  level: 'error',
  message: "Internal server error Cannot read properties of undefined (reading '_id')",
  stack: "TypeError: Cannot read properties of undefined (reading '_id')\n" +
    '    at /Users/j0rdi/Desktop/dev/express-docker-typescript-starter-kit/src/routes/users/users.controller.ts:6:45\n' +
    '    at Generator.next (<anonymous>)\n' +
    '    at /Users/j0rdi/Desktop/dev/express-docker-typescript-starter-kit/src/routes/users/users.controller.ts:8:71\n' +
    '    at new Promise (<anonymous>)\n' +
    '    at __awaiter (/Users/j0rdi/Desktop/dev/express-docker-typescript-starter-kit/src/routes/users/users.controller.ts:4:12)\n' +
    '    at getUser (/Users/j0rdi/Desktop/dev/express-docker-typescript-starter-kit/src/routes/users/users.controller.ts:5:59)\n' +
    '    at newFn (/Users/j0rdi/Desktop/dev/express-docker-typescript-starter-kit/node_modules/express-async-errors/index.js:16:20)\n' +
    '    at Layer.handle [as handle_request] (/Users/j0rdi/Desktop/dev/express-docker-typescript-starter-kit/node_modules/express/lib/router/layer.js:95:5)\n' +
    '    at next (/Users/j0rdi/Desktop/dev/express-docker-typescript-starter-kit/node_modules/express/lib/router/route.js:144:13)\n' +
    '    at Route.dispatch (/Users/j0rdi/Desktop/dev/express-docker-typescript-starter-kit/node_modules/express/lib/router/route.js:114:3)',
  timestamp: '2023-08-07 12:10:24'
}
{
  level: 'error',
  message: "Internal server error Cannot read properties of undefined (reading '_id')",
  stack: "TypeError: Cannot read properties of undefined (reading '_id')\n" +
    '    at /Users/j0rdi/Desktop/dev/express-docker-typescript-starter-kit/src/routes/users/users.controller.ts:6:45\n' +
    '    at Generator.next (<anonymous>)\n' +
    '    at /Users/j0rdi/Desktop/dev/express-docker-typescript-starter-kit/src/routes/users/users.controller.ts:8:71\n' +
    '    at new Promise (<anonymous>)\n' +
    '    at __awaiter (/Users/j0rdi/Desktop/dev/express-docker-typescript-starter-kit/src/routes/users/users.controller.ts:4:12)\n' +
    '    at getUser (/Users/j0rdi/Desktop/dev/express-docker-typescript-starter-kit/src/routes/users/users.controller.ts:5:59)\n' +
    '    at newFn (/Users/j0rdi/Desktop/dev/express-docker-typescript-starter-kit/node_modules/express-async-errors/index.js:16:20)\n' +
    '    at Layer.handle [as handle_request] (/Users/j0rdi/Desktop/dev/express-docker-typescript-starter-kit/node_modules/express/lib/router/layer.js:95:5)\n' +
    '    at next (/Users/j0rdi/Desktop/dev/express-docker-typescript-starter-kit/node_modules/express/lib/router/route.js:144:13)\n' +
    '    at Route.dispatch (/Users/j0rdi/Desktop/dev/express-docker-typescript-starter-kit/node_modules/express/lib/router/route.js:114:3)',
  timestamp: '2023-08-07 12:10:25'
}
{
  level: 'error',
  message: "Internal server error Cannot read properties of undefined (reading '_id')",
  stack: "TypeError: Cannot read properties of undefined (reading '_id')\n" +
    '    at /Users/j0rdi/Desktop/dev/express-docker-typescript-starter-kit/src/routes/users/users.controller.ts:6:45\n' +
    '    at Generator.next (<anonymous>)\n' +
    '    at /Users/j0rdi/Desktop/dev/express-docker-typescript-starter-kit/src/routes/users/users.controller.ts:8:71\n' +
    '    at new Promise (<anonymous>)\n' +
    '    at __awaiter (/Users/j0rdi/Desktop/dev/express-docker-typescript-starter-kit/src/routes/users/users.controller.ts:4:12)\n' +
    '    at getUser (/Users/j0rdi/Desktop/dev/express-docker-typescript-starter-kit/src/routes/users/users.controller.ts:5:59)\n' +
    '    at newFn (/Users/j0rdi/Desktop/dev/express-docker-typescript-starter-kit/node_modules/express-async-errors/index.js:16:20)\n' +
    '    at Layer.handle [as handle_request] (/Users/j0rdi/Desktop/dev/express-docker-typescript-starter-kit/node_modules/express/lib/router/layer.js:95:5)\n' +
    '    at next (/Users/j0rdi/Desktop/dev/express-docker-typescript-starter-kit/node_modules/express/lib/router/route.js:144:13)\n' +
    '    at Route.dispatch (/Users/j0rdi/Desktop/dev/express-docker-typescript-starter-kit/node_modules/express/lib/router/route.js:114:3)',
  timestamp: '2023-08-07 12:10:26'
}
{
  level: 'error',
  message: "Internal server error Cannot read properties of undefined (reading '_id')",
  stack: "TypeError: Cannot read properties of undefined (reading '_id')\n" +
    '    at /Users/j0rdi/Desktop/dev/express-docker-typescript-starter-kit/src/routes/users/users.controller.ts:6:45\n' +
    '    at Generator.next (<anonymous>)\n' +
    '    at /Users/j0rdi/Desktop/dev/express-docker-typescript-starter-kit/src/routes/users/users.controller.ts:8:71\n' +
    '    at new Promise (<anonymous>)\n' +
    '    at __awaiter (/Users/j0rdi/Desktop/dev/express-docker-typescript-starter-kit/src/routes/users/users.controller.ts:4:12)\n' +
    '    at getUser (/Users/j0rdi/Desktop/dev/express-docker-typescript-starter-kit/src/routes/users/users.controller.ts:5:59)\n' +
    '    at newFn (/Users/j0rdi/Desktop/dev/express-docker-typescript-starter-kit/node_modules/express-async-errors/index.js:16:20)\n' +
    '    at Layer.handle [as handle_request] (/Users/j0rdi/Desktop/dev/express-docker-typescript-starter-kit/node_modules/express/lib/router/layer.js:95:5)\n' +
    '    at next (/Users/j0rdi/Desktop/dev/express-docker-typescript-starter-kit/node_modules/express/lib/router/route.js:144:13)\n' +
    '    at Route.dispatch (/Users/j0rdi/Desktop/dev/express-docker-typescript-starter-kit/node_modules/express/lib/router/route.js:114:3)',
  timestamp: '2023-08-07 12:53:18'
}
{
  message: 'Internal server error Fuuuuuuuuuuu!',
  code: 418,
  name: 'ServerError',
  level: 'error',
  stack: 'ServerError: Fuuuuuuuuuuu!\n' +
    '    at get (/Users/j0rdi/Desktop/dev/express-docker-typescript-starter-kit/src/framework/app.ts:91:15)\n' +
    '    at newFn (/Users/j0rdi/Desktop/dev/express-docker-typescript-starter-kit/node_modules/express-async-errors/index.js:16:20)\n' +
    '    at Layer.handle [as handle_request] (/Users/j0rdi/Desktop/dev/express-docker-typescript-starter-kit/node_modules/express/lib/router/layer.js:95:5)\n' +
    '    at next (/Users/j0rdi/Desktop/dev/express-docker-typescript-starter-kit/node_modules/express/lib/router/route.js:144:13)\n' +
    '    at Route.dispatch (/Users/j0rdi/Desktop/dev/express-docker-typescript-starter-kit/node_modules/express/lib/router/route.js:114:3)\n' +
    '    at newFn (/Users/j0rdi/Desktop/dev/express-docker-typescript-starter-kit/node_modules/express-async-errors/index.js:16:20)\n' +
    '    at Layer.handle [as handle_request] (/Users/j0rdi/Desktop/dev/express-docker-typescript-starter-kit/node_modules/express/lib/router/layer.js:95:5)\n' +
    '    at /Users/j0rdi/Desktop/dev/express-docker-typescript-starter-kit/node_modules/express/lib/router/index.js:284:15\n' +
    '    at Function.process_params (/Users/j0rdi/Desktop/dev/express-docker-typescript-starter-kit/node_modules/express/lib/router/index.js:346:12)\n' +
    '    at next (/Users/j0rdi/Desktop/dev/express-docker-typescript-starter-kit/node_modules/express/lib/router/index.js:280:10)',
  timestamp: '2023-08-08 10:55:17'
}
{
  message: 'Failed connecting to MongoDB',
  cause: MongoNetworkError
      at connectionFailureError (/Users/j0rdi/Desktop/dev/express-docker-typescript-starter-kit/node_modules/mongoose/node_modules/mongodb/src/cmap/connect.ts:514:14)
      at Socket.<anonymous> (/Users/j0rdi/Desktop/dev/express-docker-typescript-starter-kit/node_modules/mongoose/node_modules/mongodb/src/cmap/connect.ts:416:16)
      at Object.onceWrapper (node:events:626:26)
      at Socket.emit (node:events:511:28)
      at Socket.emit (node:domain:489:12)
      at emitErrorNT (node:internal/streams/destroy:151:8)
      at emitErrorCloseNT (node:internal/streams/destroy:116:3)
      at processTicksAndRejections (node:internal/process/task_queues:82:21) {
    cause: AggregateError
        at internalConnectMultiple (node:net:1102:18)
        at afterConnectMultiple (node:net:1620:5) {
      code: 'ECONNREFUSED',
      [errors]: [
        Error: connect ECONNREFUSED ::1:27017
            at afterConnectMultiple (node:net:1607:16) {
          errno: -61,
          code: 'ECONNREFUSED',
          syscall: 'connect',
          address: '::1',
          port: 27017
        },
        Error: connect ECONNREFUSED 127.0.0.1:27017
            at afterConnectMultiple (node:net:1607:16) {
          errno: -61,
          code: 'ECONNREFUSED',
          syscall: 'connect',
          address: '127.0.0.1',
          port: 27017
        }
      ]
    },
    [Symbol(errorLabels)]: Set(1) { 'ResetPool' }
  },
  reason: TopologyDescription {
    type: 'Unknown',
    servers: Map(1) {
      'localhost:27017' => ServerDescription {
        address: 'localhost:27017',
        type: 'Unknown',
        hosts: [],
        passives: [],
        arbiters: [],
        tags: {},
        minWireVersion: 0,
        maxWireVersion: 0,
        roundTripTime: -1,
        lastUpdateTime: 71634271,
        lastWriteDate: 0,
        error: MongoNetworkError
            at connectionFailureError (/Users/j0rdi/Desktop/dev/express-docker-typescript-starter-kit/node_modules/mongoose/node_modules/mongodb/src/cmap/connect.ts:514:14)
            at Socket.<anonymous> (/Users/j0rdi/Desktop/dev/express-docker-typescript-starter-kit/node_modules/mongoose/node_modules/mongodb/src/cmap/connect.ts:416:16)
            at Object.onceWrapper (node:events:626:26)
            at Socket.emit (node:events:511:28)
            at Socket.emit (node:domain:489:12)
            at emitErrorNT (node:internal/streams/destroy:151:8)
            at emitErrorCloseNT (node:internal/streams/destroy:116:3)
            at processTicksAndRejections (node:internal/process/task_queues:82:21) {
          cause: AggregateError
              at internalConnectMultiple (node:net:1102:18)
              at afterConnectMultiple (node:net:1620:5) {
            code: 'ECONNREFUSED',
            [errors]: [
              Error: connect ECONNREFUSED ::1:27017
                  at afterConnectMultiple (node:net:1607:16) {
                errno: -61,
                code: 'ECONNREFUSED',
                syscall: 'connect',
                address: '::1',
                port: 27017
              },
              Error: connect ECONNREFUSED 127.0.0.1:27017
                  at afterConnectMultiple (node:net:1607:16) {
                errno: -61,
                code: 'ECONNREFUSED',
                syscall: 'connect',
                address: '127.0.0.1',
                port: 27017
              }
            ]
          },
          [Symbol(errorLabels)]: Set(1) { 'ResetPool' }
        },
        topologyVersion: null,
        setName: null,
        setVersion: null,
        electionId: null,
        logicalSessionTimeoutMinutes: null,
        primary: null,
        me: null,
        '$clusterTime': null
      }
    },
    stale: false,
    compatible: true,
    heartbeatFrequencyMS: 10000,
    localThresholdMS: 15,
    setName: null,
    maxElectionId: null,
    maxSetVersion: null,
    commonWireVersion: 0,
    logicalSessionTimeoutMinutes: null
  },
  code: undefined,
  level: 'error',
  stack: 'MongooseServerSelectionError\n' +
    '    at NativeConnection.Connection.openUri (/Users/j0rdi/Desktop/dev/express-docker-typescript-starter-kit/node_modules/mongoose/lib/connection.js:825:32)\n' +
    '    at /Users/j0rdi/Desktop/dev/express-docker-typescript-starter-kit/node_modules/mongoose/lib/index.js:414:10\n' +
    '    at /Users/j0rdi/Desktop/dev/express-docker-typescript-starter-kit/node_modules/mongoose/lib/helpers/promiseOrCallback.js:41:5\n' +
    '    at new Promise (<anonymous>)\n' +
    '    at promiseOrCallback (/Users/j0rdi/Desktop/dev/express-docker-typescript-starter-kit/node_modules/mongoose/lib/helpers/promiseOrCallback.js:40:10)\n' +
    '    at Mongoose._promiseOrCallback (/Users/j0rdi/Desktop/dev/express-docker-typescript-starter-kit/node_modules/mongoose/lib/index.js:1288:10)\n' +
    '    at Mongoose.connect (/Users/j0rdi/Desktop/dev/express-docker-typescript-starter-kit/node_modules/mongoose/lib/index.js:413:20)\n' +
    '    at /Users/j0rdi/Desktop/dev/express-docker-typescript-starter-kit/src/app/db.ts:10:29\n' +
    '    at Generator.next (<anonymous>)\n' +
    '    at /Users/j0rdi/Desktop/dev/express-docker-typescript-starter-kit/src/app/db.ts:8:71',
  timestamp: '2023-08-11 19:53:49'
}
{
  errors: {
    email: ValidatorError: Path `email` is required.
        at validate (/Users/j0rdi/Desktop/dev/express-docker-typescript-starter-kit/node_modules/mongoose/lib/schematype.js:1346:13)
        at SchemaString.SchemaType.doValidate (/Users/j0rdi/Desktop/dev/express-docker-typescript-starter-kit/node_modules/mongoose/lib/schematype.js:1330:7)
        at /Users/j0rdi/Desktop/dev/express-docker-typescript-starter-kit/node_modules/mongoose/lib/document.js:2954:18
        at processTicksAndRejections (node:internal/process/task_queues:77:11) {
      properties: {
        validator: [Function (anonymous)],
        message: 'Path `email` is required.',
        type: 'required',
        path: 'email',
        value: undefined
      },
      kind: 'required',
      path: 'email',
      value: undefined,
      reason: undefined,
      [Symbol(mongoose:validatorError)]: true
    }
  },
  _message: 'User validation failed',
  level: 'error',
  message: 'Internal server error User validation failed: email: Path `email` is required.',
  stack: 'ValidationError: User validation failed: email: Path `email` is required.\n' +
    '    at model.Document.invalidate (/Users/j0rdi/Desktop/dev/express-docker-typescript-starter-kit/node_modules/mongoose/lib/document.js:3174:32)\n' +
    '    at /Users/j0rdi/Desktop/dev/express-docker-typescript-starter-kit/node_modules/mongoose/lib/document.js:2962:17\n' +
    '    at /Users/j0rdi/Desktop/dev/express-docker-typescript-starter-kit/node_modules/mongoose/lib/schematype.js:1349:9\n' +
    '    at processTicksAndRejections (node:internal/process/task_queues:77:11)',
  timestamp: '2023-08-12 13:47:13'
}
